-------------------------------------------------------------------------------
Test set: com.poc.api.ApiTests
-------------------------------------------------------------------------------
Tests run: 3, Failures: 1, Errors: 0, Skipped: 0, Time elapsed: 1.473 s <<< FAILURE! - in com.poc.api.ApiTests
com.poc.api.ApiTests.failingApiTest  Time elapsed: 0.07 s  <<< FAILURE!
org.opentest4j.AssertionFailedError: 

Expecting value to be true but was false
	at com.poc.api.ApiTests.failingApiTest(ApiTests.java:74)

