<?xml version="1.0" encoding="UTF-8"?>
<testsuite xmlns:xsi="http://www.w3.org/2001/XMLSchema-instance" xsi:noNamespaceSchemaLocation="https://maven.apache.org/surefire/maven-surefire-plugin/xsd/surefire-test-report-3.0.xsd" version="3.0" name="com.poc.api.ApiTests" time="1.587" tests="2" errors="0" skipped="0" failures="0">
  <properties>
[...]
</properties>
  <testcase name="getRequestLog" classname="com.poc.api.ApiTests" time="1.466">
    <system-out><![CDATA[{
    "time": {
        "updated": "Jun 30, 2024 15:41:36 UTC",
        "updatedISO": "2024-06-30T15:41:36+00:00",
        "updateduk": "Jun 30, 2024 at 16:41 BST"
    },
    "disclaimer": "This data was produced from the CoinDesk Bitcoin Price Index (USD). Non-USD currency data converted using hourly conversion rate from openexchangerates.org",
    "chartName": "Bitcoin",
    "bpi": {
        "USD": {
            "code": "USD",
            "symbol": "&#36;",
            "rate": "61,634.698",
            "description": "United States Dollar",
            "rate_float": 61634.6983
        },
        "GBP": {
            "code": "GBP",
            "symbol": "&pound;",
            "rate": "48,713.477",
            "description": "British Pound Sterling",
            "rate_float": 48713.4769
        },
        "EUR": {
            "code": "EUR",
            "symbol": "&euro;",
            "rate": "57,519.226",
            "description": "Euro",
            "rate_float": 57519.2262
        }
    }
}
]]></system-out>
  </testcase>
  <testcase name="testGetRequest" classname="com.poc.api.ApiTests" time="0.12"/>
</testsuite>