<?xml version="1.0" encoding="UTF-8"?>
<testsuite xmlns:xsi="http://www.w3.org/2001/XMLSchema-instance" xsi:noNamespaceSchemaLocation="https://maven.apache.org/surefire/maven-surefire-plugin/xsd/surefire-test-report-3.0.xsd" version="3.0" name="com.poc.api.ApiTests" time="1.485" tests="2" errors="0" skipped="0" failures="0">
  <properties>
[...]
</properties>
  <testcase name="getRequestLog" classname="com.poc.api.ApiTests" time="1.415">
    <system-out><![CDATA[{
    "time": {
        "updated": "Jun 30, 2024 18:25:44 UTC",
        "updatedISO": "2024-06-30T18:25:44+00:00",
        "updateduk": "Jun 30, 2024 at 19:25 BST"
    },
    "disclaimer": "This data was produced from the CoinDesk Bitcoin Price Index (USD). Non-USD currency data converted using hourly conversion rate from openexchangerates.org",
    "chartName": "Bitcoin",
    "bpi": {
        "USD": {
            "code": "USD",
            "symbol": "&#36;",
            "rate": "61,676.725",
            "description": "United States Dollar",
            "rate_float": 61676.7246
        },
        "GBP": {
            "code": "GBP",
            "symbol": "&pound;",
            "rate": "48,746.693",
            "description": "British Pound Sterling",
            "rate_float": 48746.6927
        },
        "EUR": {
            "code": "EUR",
            "symbol": "&euro;",
            "rate": "57,558.446",
            "description": "Euro",
            "rate_float": 57558.4464
        }
    }
}
]]></system-out>
    <system-err><![CDATA[Jun 30, 2024 6:26:06 PM com.poc.api.ApiTests setUpTest
INFO:  ** Starting test: getRequestLog()
Jun 30, 2024 6:26:07 PM com.poc.api.ApiTests getRequestLog
INFO:  - checking ConsoleLogger for 'getRequestLog'
]]></system-err>
  </testcase>
  <testcase name="testGetRequest" classname="com.poc.api.ApiTests" time="0.063">
    <system-err><![CDATA[Jun 30, 2024 6:26:07 PM com.poc.api.ApiTests setUpTest
INFO:  ** Starting test: testGetRequest()
Jun 30, 2024 6:26:07 PM com.poc.api.ApiTests testGetRequest
INFO:  - checking ConsoleLogger for 'testGetRequest'
]]></system-err>
  </testcase>
</testsuite>