<?xml version="1.0" encoding="UTF-8"?>
<testsuite xmlns:xsi="http://www.w3.org/2001/XMLSchema-instance" xsi:noNamespaceSchemaLocation="https://maven.apache.org/surefire/maven-surefire-plugin/xsd/surefire-test-report-3.0.xsd" version="3.0" name="com.poc.ui.UiTests" time="15.358" tests="4" errors="1" skipped="1" failures="1">
  <properties>
[...]
</properties>
  <testcase name="simpleTest" classname="com.poc.ui.UiTests" time="11.862">
    <error type="org.openqa.selenium.NoSuchElementException"><![CDATA[org.openqa.selenium.NoSuchElementException: 
no such element: Unable to locate element: {"method":"xpath","selector":"//button[./div[text()='Accept all']]"}
  (Session info: chrome=126.0.6478.126)
For documentation on this error, please visit: https://www.selenium.dev/documentation/webdriver/troubleshooting/errors#no-such-element-exception
Build info: version: '4.22.0', revision: 'c5f3146703*'
System info: os.name: 'Linux', os.arch: 'amd64', os.version: '6.5.0-1022-azure', java.version: '17.0.11'
Driver info: org.openqa.selenium.chrome.ChromeDriver
Command: [472f59b908bd44f16b69320d87824d9b, findElement {using=xpath, value=//button[./div[text()='Accept all']]}]
Capabilities {acceptInsecureCerts: false, browserName: chrome, browserVersion: 126.0.6478.126, chrome: {chromedriverVersion: 126.0.6478.126 (d36ace6122e..., userDataDir: /tmp/.org.chromium.Chromium...}, fedcm:accounts: true, goog:chromeOptions: {debuggerAddress: localhost:36879}, networkConnectionEnabled: false, pageLoadStrategy: normal, platformName: linux, proxy: Proxy(), se:cdp: ws://localhost:36879/devtoo..., se:cdpVersion: 126.0.6478.126, setWindowRect: true, strictFileInteractability: false, timeouts: {implicit: 0, pageLoad: 300000, script: 30000}, unhandledPromptBehavior: dismiss and notify, webauthn:extension:credBlob: true, webauthn:extension:largeBlob: true, webauthn:extension:minPinLength: true, webauthn:extension:prf: true, webauthn:virtualAuthenticators: true}
Session ID: 472f59b908bd44f16b69320d87824d9b
	at com.poc.ui.UiTests.getAcceptAllBtn(UiTests.java:98)
	at com.poc.ui.UiTests.simpleTest(UiTests.java:69)
]]></error>
    <system-err><![CDATA[SLF4J(W): No SLF4J providers were found.
SLF4J(W): Defaulting to no-operation (NOP) logger implementation
SLF4J(W): See https://www.slf4j.org/codes.html#noProviders for further details.
Jul 01, 2024 6:33:11 PM org.junit.jupiter.engine.descriptor.MethodBasedTestDescriptor lambda$invokeTestWatchers$3
WARNING: Failed to invoke TestWatcher [com.poc.utils.ExtentUiTestWatcher] for method [com.poc.ui.UiTests#simpleTest()] with display name [UI: simpleTest (Should PASSED...)]
org.openqa.selenium.NoSuchSessionException: Session ID is null. Using WebDriver after calling quit()?
Build info: version: '4.22.0', revision: 'c5f3146703*'
System info: os.name: 'Linux', os.arch: 'amd64', os.version: '6.5.0-1022-azure', java.version: '17.0.11'
Driver info: org.openqa.selenium.chrome.ChromeDriver
Command: [null, screenshot {}]
Capabilities {acceptInsecureCerts: false, browserName: chrome, browserVersion: 126.0.6478.126, chrome: {chromedriverVersion: 126.0.6478.126 (d36ace6122e..., userDataDir: /tmp/.org.chromium.Chromium...}, fedcm:accounts: true, goog:chromeOptions: {debuggerAddress: localhost:36879}, networkConnectionEnabled: false, pageLoadStrategy: normal, platformName: linux, proxy: Proxy(), se:cdp: ws://localhost:36879/devtoo..., se:cdpVersion: 126.0.6478.126, setWindowRect: true, strictFileInteractability: false, timeouts: {implicit: 0, pageLoad: 300000, script: 30000}, unhandledPromptBehavior: dismiss and notify, webauthn:extension:credBlob: true, webauthn:extension:largeBlob: true, webauthn:extension:minPinLength: true, webauthn:extension:prf: true, webauthn:virtualAuthenticators: true}
	at org.openqa.selenium.remote.HttpCommandExecutor.execute(HttpCommandExecutor.java:151)
	at org.openqa.selenium.remote.service.DriverCommandExecutor.invokeExecute(DriverCommandExecutor.java:216)
	at org.openqa.selenium.remote.service.DriverCommandExecutor.execute(DriverCommandExecutor.java:174)
	at org.openqa.selenium.remote.RemoteWebDriver.execute(RemoteWebDriver.java:518)
	at org.openqa.selenium.remote.RemoteWebDriver.execute(RemoteWebDriver.java:591)
	at org.openqa.selenium.remote.RemoteWebDriver.execute(RemoteWebDriver.java:595)
	at org.openqa.selenium.remote.RemoteWebDriver.getScreenshotAs(RemoteWebDriver.java:321)
	at com.poc.utils.ExtentUiTestWatcher.testFailed(ExtentUiTestWatcher.java:66)
	at org.junit.jupiter.engine.descriptor.TestMethodTestDescriptor.lambda$nodeFinished$14(TestMethodTestDescriptor.java:299)
	at org.junit.jupiter.engine.descriptor.MethodBasedTestDescriptor.lambda$invokeTestWatchers$3(MethodBasedTestDescriptor.java:134)
	at java.base/java.util.ArrayList.forEach(ArrayList.java:1511)
	at org.junit.jupiter.engine.descriptor.MethodBasedTestDescriptor.invokeTestWatchers(MethodBasedTestDescriptor.java:132)
	at org.junit.jupiter.engine.descriptor.TestMethodTestDescriptor.nodeFinished(TestMethodTestDescriptor.java:290)
	at org.junit.jupiter.engine.descriptor.TestMethodTestDescriptor.nodeFinished(TestMethodTestDescriptor.java:65)
	at org.junit.platform.engine.support.hierarchical.NodeTestTask.reportCompletion(NodeTestTask.java:176)
	at org.junit.platform.engine.support.hierarchical.NodeTestTask.execute(NodeTestTask.java:89)
	at java.base/java.util.ArrayList.forEach(ArrayList.java:1511)
	at org.junit.platform.engine.support.hierarchical.SameThreadHierarchicalTestExecutorService.invokeAll(SameThreadHierarchicalTestExecutorService.java:38)
	at org.junit.platform.engine.support.hierarchical.NodeTestTask.lambda$executeRecursively$5(NodeTestTask.java:143)
	at org.junit.platform.engine.support.hierarchical.ThrowableCollector.execute(ThrowableCollector.java:73)
	at org.junit.platform.engine.support.hierarchical.NodeTestTask.lambda$executeRecursively$7(NodeTestTask.java:129)
	at org.junit.platform.engine.support.hierarchical.Node.around(Node.java:137)
	at org.junit.platform.engine.support.hierarchical.NodeTestTask.lambda$executeRecursively$8(NodeTestTask.java:127)
	at org.junit.platform.engine.support.hierarchical.ThrowableCollector.execute(ThrowableCollector.java:73)
	at org.junit.platform.engine.support.hierarchical.NodeTestTask.executeRecursively(NodeTestTask.java:126)
	at org.junit.platform.engine.support.hierarchical.NodeTestTask.execute(NodeTestTask.java:84)
	at java.base/java.util.ArrayList.forEach(ArrayList.java:1511)
	at org.junit.platform.engine.support.hierarchical.SameThreadHierarchicalTestExecutorService.invokeAll(SameThreadHierarchicalTestExecutorService.java:38)
	at org.junit.platform.engine.support.hierarchical.NodeTestTask.lambda$executeRecursively$5(NodeTestTask.java:143)
	at org.junit.platform.engine.support.hierarchical.ThrowableCollector.execute(ThrowableCollector.java:73)
	at org.junit.platform.engine.support.hierarchical.NodeTestTask.lambda$executeRecursively$7(NodeTestTask.java:129)
	at org.junit.platform.engine.support.hierarchical.Node.around(Node.java:137)
	at org.junit.platform.engine.support.hierarchical.NodeTestTask.lambda$executeRecursively$8(NodeTestTask.java:127)
	at org.junit.platform.engine.support.hierarchical.ThrowableCollector.execute(ThrowableCollector.java:73)
	at org.junit.platform.engine.support.hierarchical.NodeTestTask.executeRecursively(NodeTestTask.java:126)
	at org.junit.platform.engine.support.hierarchical.NodeTestTask.execute(NodeTestTask.java:84)
	at org.junit.platform.engine.support.hierarchical.SameThreadHierarchicalTestExecutorService.submit(SameThreadHierarchicalTestExecutorService.java:32)
	at org.junit.platform.engine.support.hierarchical.HierarchicalTestExecutor.execute(HierarchicalTestExecutor.java:57)
	at org.junit.platform.engine.support.hierarchical.HierarchicalTestEngine.execute(HierarchicalTestEngine.java:51)
	at org.junit.platform.launcher.core.EngineExecutionOrchestrator.execute(EngineExecutionOrchestrator.java:108)
	at org.junit.platform.launcher.core.EngineExecutionOrchestrator.execute(EngineExecutionOrchestrator.java:88)
	at org.junit.platform.launcher.core.EngineExecutionOrchestrator.lambda$execute$0(EngineExecutionOrchestrator.java:54)
	at org.junit.platform.launcher.core.EngineExecutionOrchestrator.withInterceptedStreams(EngineExecutionOrchestrator.java:67)
	at org.junit.platform.launcher.core.EngineExecutionOrchestrator.execute(EngineExecutionOrchestrator.java:52)
	at org.junit.platform.launcher.core.DefaultLauncher.execute(DefaultLauncher.java:96)
	at org.junit.platform.launcher.core.DefaultLauncher.execute(DefaultLauncher.java:75)
	at org.apache.maven.surefire.junitplatform.JUnitPlatformProvider.execute(JUnitPlatformProvider.java:188)
	at org.apache.maven.surefire.junitplatform.JUnitPlatformProvider.invokeAllTests(JUnitPlatformProvider.java:154)
	at org.apache.maven.surefire.junitplatform.JUnitPlatformProvider.invoke(JUnitPlatformProvider.java:128)
	at org.apache.maven.surefire.booter.ForkedBooter.runSuitesInProcess(ForkedBooter.java:428)
	at org.apache.maven.surefire.booter.ForkedBooter.execute(ForkedBooter.java:162)
	at org.apache.maven.surefire.booter.ForkedBooter.run(ForkedBooter.java:562)
	at org.apache.maven.surefire.booter.ForkedBooter.main(ForkedBooter.java:548)

]]></system-err>
  </testcase>
  <testcase name="smoke" classname="com.poc.ui.UiTests" time="1.329"/>
  <testcase name="alwaysFailingUiTest" classname="com.poc.ui.UiTests" time="1.882">
    <failure type="org.opentest4j.AssertionFailedError"><![CDATA[org.opentest4j.AssertionFailedError: 

Expecting value to be false but was true
	at com.poc.ui.UiTests.alwaysFailingUiTest(UiTests.java:90)
]]></failure>
    <system-err><![CDATA[Jul 01, 2024 6:33:15 PM org.junit.jupiter.engine.descriptor.MethodBasedTestDescriptor lambda$invokeTestWatchers$3
WARNING: Failed to invoke TestWatcher [com.poc.utils.ExtentUiTestWatcher] for method [com.poc.ui.UiTests#alwaysFailingUiTest()] with display name [UI: alwaysFailingUiTest (Should FAILED...)]
org.openqa.selenium.NoSuchSessionException: Session ID is null. Using WebDriver after calling quit()?
Build info: version: '4.22.0', revision: 'c5f3146703*'
System info: os.name: 'Linux', os.arch: 'amd64', os.version: '6.5.0-1022-azure', java.version: '17.0.11'
Driver info: org.openqa.selenium.chrome.ChromeDriver
Command: [null, screenshot {}]
Capabilities {acceptInsecureCerts: false, browserName: chrome, browserVersion: 126.0.6478.126, chrome: {chromedriverVersion: 126.0.6478.126 (d36ace6122e..., userDataDir: /tmp/.org.chromium.Chromium...}, fedcm:accounts: true, goog:chromeOptions: {debuggerAddress: localhost:39727}, networkConnectionEnabled: false, pageLoadStrategy: normal, platformName: linux, proxy: Proxy(), se:cdp: ws://localhost:39727/devtoo..., se:cdpVersion: 126.0.6478.126, setWindowRect: true, strictFileInteractability: false, timeouts: {implicit: 0, pageLoad: 300000, script: 30000}, unhandledPromptBehavior: dismiss and notify, webauthn:extension:credBlob: true, webauthn:extension:largeBlob: true, webauthn:extension:minPinLength: true, webauthn:extension:prf: true, webauthn:virtualAuthenticators: true}
	at org.openqa.selenium.remote.HttpCommandExecutor.execute(HttpCommandExecutor.java:151)
	at org.openqa.selenium.remote.service.DriverCommandExecutor.invokeExecute(DriverCommandExecutor.java:216)
	at org.openqa.selenium.remote.service.DriverCommandExecutor.execute(DriverCommandExecutor.java:174)
	at org.openqa.selenium.remote.RemoteWebDriver.execute(RemoteWebDriver.java:518)
	at org.openqa.selenium.remote.RemoteWebDriver.execute(RemoteWebDriver.java:591)
	at org.openqa.selenium.remote.RemoteWebDriver.execute(RemoteWebDriver.java:595)
	at org.openqa.selenium.remote.RemoteWebDriver.getScreenshotAs(RemoteWebDriver.java:321)
	at com.poc.utils.ExtentUiTestWatcher.testFailed(ExtentUiTestWatcher.java:66)
	at org.junit.jupiter.engine.descriptor.TestMethodTestDescriptor.lambda$nodeFinished$14(TestMethodTestDescriptor.java:299)
	at org.junit.jupiter.engine.descriptor.MethodBasedTestDescriptor.lambda$invokeTestWatchers$3(MethodBasedTestDescriptor.java:134)
	at java.base/java.util.ArrayList.forEach(ArrayList.java:1511)
	at org.junit.jupiter.engine.descriptor.MethodBasedTestDescriptor.invokeTestWatchers(MethodBasedTestDescriptor.java:132)
	at org.junit.jupiter.engine.descriptor.TestMethodTestDescriptor.nodeFinished(TestMethodTestDescriptor.java:290)
	at org.junit.jupiter.engine.descriptor.TestMethodTestDescriptor.nodeFinished(TestMethodTestDescriptor.java:65)
	at org.junit.platform.engine.support.hierarchical.NodeTestTask.reportCompletion(NodeTestTask.java:176)
	at org.junit.platform.engine.support.hierarchical.NodeTestTask.execute(NodeTestTask.java:89)
	at java.base/java.util.ArrayList.forEach(ArrayList.java:1511)
	at org.junit.platform.engine.support.hierarchical.SameThreadHierarchicalTestExecutorService.invokeAll(SameThreadHierarchicalTestExecutorService.java:38)
	at org.junit.platform.engine.support.hierarchical.NodeTestTask.lambda$executeRecursively$5(NodeTestTask.java:143)
	at org.junit.platform.engine.support.hierarchical.ThrowableCollector.execute(ThrowableCollector.java:73)
	at org.junit.platform.engine.support.hierarchical.NodeTestTask.lambda$executeRecursively$7(NodeTestTask.java:129)
	at org.junit.platform.engine.support.hierarchical.Node.around(Node.java:137)
	at org.junit.platform.engine.support.hierarchical.NodeTestTask.lambda$executeRecursively$8(NodeTestTask.java:127)
	at org.junit.platform.engine.support.hierarchical.ThrowableCollector.execute(ThrowableCollector.java:73)
	at org.junit.platform.engine.support.hierarchical.NodeTestTask.executeRecursively(NodeTestTask.java:126)
	at org.junit.platform.engine.support.hierarchical.NodeTestTask.execute(NodeTestTask.java:84)
	at java.base/java.util.ArrayList.forEach(ArrayList.java:1511)
	at org.junit.platform.engine.support.hierarchical.SameThreadHierarchicalTestExecutorService.invokeAll(SameThreadHierarchicalTestExecutorService.java:38)
	at org.junit.platform.engine.support.hierarchical.NodeTestTask.lambda$executeRecursively$5(NodeTestTask.java:143)
	at org.junit.platform.engine.support.hierarchical.ThrowableCollector.execute(ThrowableCollector.java:73)
	at org.junit.platform.engine.support.hierarchical.NodeTestTask.lambda$executeRecursively$7(NodeTestTask.java:129)
	at org.junit.platform.engine.support.hierarchical.Node.around(Node.java:137)
	at org.junit.platform.engine.support.hierarchical.NodeTestTask.lambda$executeRecursively$8(NodeTestTask.java:127)
	at org.junit.platform.engine.support.hierarchical.ThrowableCollector.execute(ThrowableCollector.java:73)
	at org.junit.platform.engine.support.hierarchical.NodeTestTask.executeRecursively(NodeTestTask.java:126)
	at org.junit.platform.engine.support.hierarchical.NodeTestTask.execute(NodeTestTask.java:84)
	at org.junit.platform.engine.support.hierarchical.SameThreadHierarchicalTestExecutorService.submit(SameThreadHierarchicalTestExecutorService.java:32)
	at org.junit.platform.engine.support.hierarchical.HierarchicalTestExecutor.execute(HierarchicalTestExecutor.java:57)
	at org.junit.platform.engine.support.hierarchical.HierarchicalTestEngine.execute(HierarchicalTestEngine.java:51)
	at org.junit.platform.launcher.core.EngineExecutionOrchestrator.execute(EngineExecutionOrchestrator.java:108)
	at org.junit.platform.launcher.core.EngineExecutionOrchestrator.execute(EngineExecutionOrchestrator.java:88)
	at org.junit.platform.launcher.core.EngineExecutionOrchestrator.lambda$execute$0(EngineExecutionOrchestrator.java:54)
	at org.junit.platform.launcher.core.EngineExecutionOrchestrator.withInterceptedStreams(EngineExecutionOrchestrator.java:67)
	at org.junit.platform.launcher.core.EngineExecutionOrchestrator.execute(EngineExecutionOrchestrator.java:52)
	at org.junit.platform.launcher.core.DefaultLauncher.execute(DefaultLauncher.java:96)
	at org.junit.platform.launcher.core.DefaultLauncher.execute(DefaultLauncher.java:75)
	at org.apache.maven.surefire.junitplatform.JUnitPlatformProvider.execute(JUnitPlatformProvider.java:188)
	at org.apache.maven.surefire.junitplatform.JUnitPlatformProvider.invokeAllTests(JUnitPlatformProvider.java:154)
	at org.apache.maven.surefire.junitplatform.JUnitPlatformProvider.invoke(JUnitPlatformProvider.java:128)
	at org.apache.maven.surefire.booter.ForkedBooter.runSuitesInProcess(ForkedBooter.java:428)
	at org.apache.maven.surefire.booter.ForkedBooter.execute(ForkedBooter.java:162)
	at org.apache.maven.surefire.booter.ForkedBooter.run(ForkedBooter.java:562)
	at org.apache.maven.surefire.booter.ForkedBooter.main(ForkedBooter.java:548)

]]></system-err>
  </testcase>
  <testcase name="alwaysSkippedUiTest" classname="com.poc.ui.UiTests" time="0">
    <skipped message="public void com.poc.ui.UiTests.alwaysSkippedUiTest() is @Disabled"/>
  </testcase>
</testsuite>